<?xml version="1.0" encoding="UTF-8"?>
<!-- Generated by org.testng.reporters.JUnitReportReporter -->
<testsuite hostname="P4ALAP-7172YCJ" name="TestPackage.NewTest" tests="1" failures="0" timestamp="8 Jul 2018 15:56:14 GMT" time="0.018" errors="0">
  <testcase name="f" time="0.018" classname="TestPackage.NewTest"/>
</testsuite> <!-- TestPackage.NewTest -->
